[18873] -1
[18883] 0
[18890] -1
[18899] -1
[18900] -1
[18910] 0
[18919] Lava 炎熔 modern.bourgeois@Modern.indust 1
[18928] Zima 凛冬 industrial@production.was 2
[18931] -1
[18941] Elysium 极境 has.simplified@the.class 3
[18942] -1
[18948] -1
[18951] -1
[18959] -1
[18965] 0
[18972] -1
[18973] Cuora 蛇屠 there.taxable@third.estate 1
[18982] 0
[18986] -1
[18990] 0
[18991] -1
[18999] Scavenger 清道夫 division.of@labour.between 1
[19006] -1
[19011] -1
[19014] Spot 斑点 with.a.Manifesto@of.the 1
[19015] Broca 布洛 independent@urban.republic 1
[19020] Exusiai 能天使 of.America@the.rounding 1
[19030] Midnight 月见夜 longer.sufficed@Thereupon.stea 1
[19037] Steward 史都华德 society.at@large.or 1
[19038] Earthspirit 地灵 of.the.monarchy@as.in 3
[19044] Ansel 安赛尔 now.open.fight@a.fight 2
[19051] Savage 暴行 guilds.now@no.longer 2
[19055] -1
[19058] Meteor 流星 but.established@new.classes 1
[19065] 0
[19069] -1
[19076] -1
[19082] Beehunter 猎蜂 these.burgesses@the.first 2
[19089] 0
[19092] Fang 芬芬 sufficed.for@the.growing 1
[19100] -1
[19107] -1
[19113] Zima 凛冬 industrial@production.was 2
[19121] Cutter 刻刀 France.afterwards@in.the 1
[19124] 0
[19127] Cuora 蛇屠 there.taxable@third.estate 1
[19130] Gummy 古米 commerce.to@navigation.to 1
[19133] -1
[19136] -1
[19144] -1
[19153] Midnight 月见夜 longer.sufficed@Thereupon.stea 1
[19160] Conviction 断罪 vanished.in@the.face 2
[19169] -1
[19179] -1
[19180] -1
[19183] -1
[19189] -1
[19191] Manticore 狮蝎 not.hurled@back.the 2
[19198] Sora 空空 have.patricians@knights.plebei 1
[19199] Exusiai 能天使 of.America@the.rounding 1
[19204] Scavenger 清道夫 division.of@labour.between 1
[19206] 0
[19213] Conviction 断罪 vanished.in@the.face 2
[19220] Nearl 临光 history.we@find.almost 1
[19224] Cardigan 卡缇 the.markets@kept.ever 1
[19230] Mousse 慕斯 history.of@class.struggles 1
[19232] -1
[19241] -1
[19243] Courier 讯使 publish.their@views.their 1
[19250] Broca 布洛 independent@urban.republic 1
[19256] Kroos 克洛丝 extension.of@industry.and 1
[19258] Pramanix 初雪 means.of.exchange@and.in 1
[19260] -1
[19265] Savage 暴行 guilds.now@no.longer 2
[19274] -1
[19283] Breeze 微风 America.paved@the.way 1
[19292] 0
[19301] Siege 推进之王 monopolised@by.closed 1
[19310] Leizi 惊蛰 this.spectre@Pope.and 1
[19318] -1
[19328] -1
[19338] Sideroca 铸铁 rising.bourgeoisie@The.EastInd 1
[19348] Courier 讯使 publish.their@views.their 1
[19358] -1
[19363] NoirCorne 黑角 its.time.reacted@on.the 1
[19371] Estelle 艾丝黛 Middle.Ages@We.see 3
[19373] W 达不溜 in.each.single@workshop.Meanti 1
[19376] Warfarin 华法琳 the.different@corporate.guilds 1
[19381] Texas 德克萨斯 of.whole.industrial@armies.the 1
[19389] Orchid 梓兰 either.the@semifeudal.or 1
[19392] GreyThroat 灰喉 Freeman.and@slave.patrician 1
[19401] Indra 因陀罗 ruins.of.feudal@society.has 1
[19404] -1
[19408] Meteor 流星 but.established@new.classes 1
[19409] Meteor 流星 but.established@new.classes 1
[19413] -1
[19420] -1
[19426] 0
[19429] Nian 年年 wants.of.the@new.markets 1
[19432] Leizi 惊蛰 this.spectre@Pope.and 1
[19442] 0
[19450] 0
[19458] 1
TOTHEEOLDCAUSE 山东省聊城市 06-09 13:46 -> 新疆库尔勒市 06-09 16:31 470 33971
[19460] queue
[19467] -1
[19469] -1
[19473] Cuora 蛇屠 there.taxable@third.estate 1
[19480] queue
[19490] 1
TOtheeoldcause 北京市 07-30 05:54 -> 湖北省宜昌市 07-30 10:47 424 90891
[19495] 1
AndtodefineAmeric 江苏省吴江市 07-04 17:00 -> 湖北省黄冈市 07-05 01:07 551 80198
[19500] -1
[19504] Phantom 傀影 not.done.away@with.class 1
[19509] -1
[19515] 1
LeavesofGrass 新疆博乐市 06-30 06:11 -> 新疆伊宁市 06-30 08:52 402 64109
[19517] -1
[19518] 7975680
[19524] 0
[19529] -1
[19530] 1
ThereforeIsendyou 天津市 07-31 17:39 -> 山东省胶南市 08-01 10:01 1074 3759
[19534] 3122120
[19543] -1
[19549] 1
IHEARDthatyouask 天津市 07-17 06:35 -> 四川省彭州市 07-17 23:13 249 72829
[19550] 1
IHEARDthatyouask 广东省云浮市 07-24 19:00 -> 四川省彭州市 07-24 23:13 20 73290
[19558] 1
whatyouwanted 江西省高安市 07-20 17:51 -> 湖北省松滋市 07-20 21:35 765 30519
[19564] 1
whatyouwanted 吉林省双辽市 08-05 14:32 -> 江西省高安市 08-05 17:46 843 30519
[19571] -1
[19576] -1
[19579] 43576380
[19582] Yato 夜刀 meet.this.nursery@tale.of 3
[19585] -1
[19589] -1
[19596] 1
IHEARDthatyouask 天津市 07-23 06:35 -> 广东省云浮市 07-23 18:52 229 53010
[19600] -1
[19607] 1
TOFOREIGNLANDS 江西省鹰潭市 07-20 08:47 -> 江苏省淮安市 07-20 19:12 1224 92870
[19617] 0
[19620] Liskarm 雷蛇 of.the.feudal@nobility.an 1
[19624] 1
puzzletheNewWorld 辽宁省辽阳市 06-26 13:05 -> 河南省登封市 06-27 09:52 1419 37937
[19631] 1
TOFOREIGNLANDS 广西凭祥市 08-10 06:08 -> 江西省鹰潭市 08-10 08:37 157 92870
[19635] 1
TOTHEEOLDCAUSE 山东省滕州市 08-03 02:06 -> 山西省太原市 08-03 07:46 554 33971
[19637] 5142735
[19643] Ptilopsis 白面鸮 this.distinctive@feature.it 2
[19650] -1
[19660] queue
[19669] Gitano 远山 sprang.the@chartered.burghers 1
[19672] Glaucus 格劳克斯 the.increase@in.the 2
[19677] 3
[success] LeavesofGrass 浙江省平湖市 07-23 08:59 -> 福建省建阳市 07-23 21:14 2181 19980
[success] puzzletheNewWorld 湖南省岳阳市 07-20 17:01 -> 黑龙江省尚志市 07-20 20:04 426 8140
[success] LeavesofGrass 陕西省安康市 07-12 17:25 -> 广东省花都市 07-13 01:39 1274 9890
[19682] -1
[19688] 9119583
[19691] 12087153
[19695] Utage 宴宴 and.machinery@revolutionised.i 2
[19701] 1
AndtodefineAmeric 云南省保山市 08-25 09:33 -> 辽宁省朝阳市 08-25 18:41 1721 80198
[19703] 1
IHEARDthatyouask 天津市 08-01 06:35 -> 广东省云浮市 08-01 18:52 229 75260
[19713] 5325120
[19723] -1
[19726] -1
[19731] 1
LeavesofGrass 河南省灵宝市 07-17 23:45 -> 新疆博乐市 07-18 06:04 539 80901
[19732] 3029478
[19736] 1
TOFOREIGNLANDS 河北省张家口市 06-09 22:51 -> 海南省通什市 06-10 13:23 1415 92870
[19743] 0
[19744] 1
puzzletheNewWorld 湖南省岳阳市 06-21 17:01 -> 四川省绵竹市 06-22 14:44 1339 47659
[19746] Beagle 米格 Europethe.spectre@of.Communism 4
[19754] 2566197
[19755] -1
[19759] Rope 暗索 pushed.on.one@side.by 1
[19763] 10921472
[19770] -1
[19775] -1
[19779] 4441930
[19785] 1
AndtodefineAmeric 山东省乐陵市 07-15 14:14 -> 辽宁省朝阳市 07-15 18:41 316 80198
[19786] -1
[19790] -1
[19796] 0
[19802] 1
TOFOREIGNLANDS 浙江省临安市 07-27 21:04 -> 江苏省淮安市 07-28 19:12 2449 92870
[19809] -1
[19811] 572850
[19817] -1
[19826] 1866294
[19832] 1
AndtodefineAmeric 吉林省图们市 06-28 10:50 -> 广东省高明市 06-28 13:28 567 80198
[19841] 18001578
[19847] 1
INSCRIPTIONS 贵州省清镇市 06-23 16:24 -> 新疆米泉市 06-24 14:38 1879 56771
[19848] 1
IHEARDthatyouask 新疆吐鲁番市 07-07 05:55 -> 广东省云浮市 07-07 18:52 725 91153
[19850] queue
[19853] -1
[19860] queue
[19866] Nightingale 夜莺 of.that.class@An.oppressed 1
[19873] -1
[19880] Ethan 伊桑 acknowledged@by.all 3
[19886] 1
ThereforeIsendyou 山东省胶南市 07-28 10:07 -> 安徽省宁国市 07-28 19:16 632 3759
[19887] 1
AndtodefineAmeric 辽宁省朝阳市 08-06 18:50 -> 北京市 08-06 22:38 462 80198
[19897] -1
[19904] 6419490
[19908] 2
TOtheeoldcause 天津市 08-21 17:57 -> 北京市 08-22 05:48 393 90891
AndtodefineAmeric 天津市 08-21 08:57 -> 北京市 08-21 22:38 2583 80198
[19909] 1
IHEARDthatyouask 天津市 08-02 06:35 -> 四川省彭州市 08-02 23:13 249 64160
[19912] 1
TOTHEEOLDCAUSE 山东省聊城市 07-24 13:46 -> 河南省周口市 07-24 23:49 972 33971
[19919] -1
[19920] Nian 年年 wants.of.the@new.markets 1
[19929] Nightingale 夜莺 of.that.class@An.oppressed 1
[19930] 1
puzzletheNewWorld 黑龙江省尚志市 08-11 20:11 -> 河南省登封市 08-12 09:52 614 47885
[19937] Schwarz 黑黑 of.manufacture@was.taken 1
[19945] 1
ThereforeIsendyou 新疆喀什市 06-30 02:53 -> 山东省胶南市 06-30 10:01 345 3759
[19952] 5998231
[19962] 7049900
[19970] queue
[19980] 1
whatyouwanted 福建省建阳市 07-23 00:03 -> 吉林省四平市 07-23 18:18 3359 30519
[19982] 2087784
[19986] 1
puzzletheNewWorld 辽宁省辽阳市 06-16 13:05 -> 四川省绵竹市 06-17 14:44 1718 46679
[19989] Durnar 坚雷 adversaries@Two.things 1
[19990] 1
[pending] LeavesofGrass 湖南省衡阳市 07-16 16:20 -> 浙江省慈溪市 07-17 09:48 2659 3227
[19998] 0
[20000] -1
[20005] 20
[success] LeavesofGrass 河南省灵宝市 07-17 23:45 -> 广东省花都市 07-18 01:39 114 16371
[success] IHEARDthatyouask 新疆吐鲁番市 08-06 05:55 -> 四川省彭州市 08-06 23:13 745 6903
[success] INSCRIPTIONS 广东省高要市 06-16 21:40 -> 江苏省扬州市 06-17 08:14 764 17067
[success] IHEARDthatyouask 新疆吐鲁番市 07-23 05:55 -> 广东省云浮市 07-23 18:52 725 21206
[success] LeavesofGrass 湖南省衡阳市 07-20 16:20 -> 黑龙江省海林市 07-20 22:46 1148 17660
[success] INSCRIPTIONS 黑龙江省五大连池市 06-30 19:22 -> 云南省安宁市 06-30 20:42 156 13725
[success] puzzletheNewWorld 黑龙江省尚志市 06-22 20:11 -> 四川省绵竹市 06-23 14:44 913 10727
[success] INSCRIPTIONS 广东省惠阳市 08-12 01:41 -> 湖北省枣阳市 08-12 11:59 1099 7
[success] LeavesofGrass 广东省四会市 07-12 15:39 -> 陕西省安康市 07-12 17:15 728 14694
[success] INSCRIPTIONS 北京市 06-28 06:46 -> 新疆米泉市 06-28 14:38 850 4993
[success] INSCRIPTIONS 广东省高要市 06-23 21:40 -> 广东省惠阳市 06-24 01:32 153 11751
[success] LeavesofGrass 福建省建阳市 08-02 21:19 -> 黑龙江省海林市 08-02 22:46 14 11306
[pending] LeavesofGrass 浙江省杭州市 07-07 11:52 -> 广东省花都市 07-08 01:39 2409 15419
[success] LeavesofGrass 浙江省杭州市 07-20 11:52 -> 广东省花都市 07-21 01:39 2409 22689
[success] INSCRIPTIONS 广东省高要市 08-08 21:40 -> 新疆米泉市 08-09 14:38 1414 14797
[success] INSCRIPTIONS 云南省安宁市 06-19 20:50 -> 北京市 06-20 06:40 700 42
[success] INSCRIPTIONS 贵州省清镇市 08-06 16:24 -> 北京市 08-07 06:40 1029 17460
[success] LeavesofGrass 浙江省杭州市 07-05 11:52 -> 宁夏石嘴山市 07-05 19:18 1381 18329
[success] LeavesofGrass 河北省河间市 07-10 18:11 -> 河南省偃师市 07-11 03:28 1481 11152
[success] LeavesofGrass 浙江省平湖市 07-17 08:59 -> 河北省河间市 07-17 18:01 1560 22056
[20010] -1
[20012] Hung 吽吽 itself.a.Power@II.It 1
[20022] -1
[20026] -1
[20036] 1
INSCRIPTIONS 江苏省扬州市 06-17 08:17 -> 新疆米泉市 06-17 14:38 650 69102
[20041] 1
AndtodefineAmeric 北京市 07-09 22:48 -> 湖北省黄冈市 07-10 01:07 50 80198
[20047] 1
IHEARDthatyouask 天津市 08-03 06:35 -> 广东省云浮市 08-03 18:52 229 42852
[20054] 1
whatyouwanted 山东省乳山市 07-10 04:53 -> 广东省揭阳市 07-10 06:33 468 30519
[20056] 439800
[20063] 1
puzzletheNewWorld 北京市 06-20 02:54 -> 河南省登封市 06-20 09:52 455 28034
[20072] queue
[20082] 8249280
[20091] Mostima 莫斯提马 of.the.earliest@towns.From 2
[20096] 1
IHEARDthatyouask 广东省云浮市 07-10 19:00 -> 四川省彭州市 07-10 23:13 20 68721
[20100] Yato 夜刀 meet.this.nursery@tale.of 3
[20104] 1
whatyouwanted 山东省乳山市 07-26 04:53 -> 新疆阿克苏市 07-26 15:55 1916 28519
[20113] Grani 格拉尼 serfs.of.the@Middle.Ages 1
[20122] -1
[20123] 2
TOtheeoldcause 天津市 07-27 17:57 -> 北京市 07-28 05:48 393 90891
AndtodefineAmeric 天津市 07-27 08:57 -> 北京市 07-27 22:38 2583 80198
[20130] -1
[20132] 1
AndtodefineAmeric 江西省吉安市 08-16 21:19 -> 北京市 08-16 22:38 265 80198
[20134] 1
LeavesofGrass 河南省偃师市 08-03 03:31 -> 新疆博乐市 08-03 06:04 193 70150
[20142] -1
[20147] Istina 真理 a.counterpoise@against.the 1
[20155] 12575850
[20164] 832542
[20167] 1
AndtodefineAmeric 山东省胶州市 06-29 12:18 -> 山东省高密市 06-29 12:55 266 80198
[20168] Aak 阿阿 in.almost.all@of.these 1
[20172] 1
INSCRIPTIONS 江苏省扬州市 08-04 08:17 -> 湖北省枣阳市 08-04 11:59 488 70655
[20181] -1
[20188] 1
ThereforeIsendyou 天津市 07-25 17:39 -> 河南省驻马店市 07-26 13:30 1518 3759
[20197] 0
[20204] Meteor 流星 but.established@new.classes 1
[20211] 1
ThereforeIsendyou 湖南省汩罗市 07-09 22:12 -> 安徽省宁国市 07-10 19:16 1475 3759
[20215] 0
[20218] queue
[20227] 2509080
[20230] Ambriel 安比尔 millionaires@the.leaders 1
[20234] Sesa 慑砂 This.market@has.given 1
[20237] queue
[20241] 0
[20248] -1
[20252] Reed 苇草 has.established@the.worldmarke 2
[20262] -1
[20269] 0
[20275] 1
whatyouwanted 湖北省利川市 07-07 22:30 -> 新疆阿克苏市 07-08 15:55 2585 30519
[20285] Provence 普罗旺 face.of.the@whole.world 1
[20292] 1
TOFOREIGNLANDS 浙江省临安市 07-04 21:04 -> 河北省张家口市 07-04 22:48 412 92870
[20300] queue
[20309] 1
TOtheeoldcause 北京市 08-05 05:54 -> 湖北省宜昌市 08-05 10:47 424 90891
[20315] 1
ThereforeIsendyou 湖南省汩罗市 07-10 22:12 -> 浙江省舟山市 07-11 10:35 910 3759
[20321] 1
LeavesofGrass 浙江省平湖市 07-03 08:59 -> 陕西省安康市 07-03 17:15 1535 29482
[20325] 2380242
[20330] 14460244
[20333] Istina 真理 a.counterpoise@against.the 1
[20342] queue
[20344] 7252872
[20347] Matoimaru 缠丸 in.the.same@proportion.the 1
[20354] Matterhorn 角峰 an.immense@development.to 1
[20358] 1
IHEARDthatyouask 广东省云浮市 07-13 19:00 -> 四川省彭州市 07-13 23:13 20 87957
[20360] 110416
[20366] -1
[20374] 1
AndtodefineAmeric 山西省榆次市 07-12 16:15 -> 辽宁省朝阳市 07-12 18:41 179 80198
[20383] 1
ThereforeIsendyou 湖南省汩罗市 06-29 22:12 -> 山东省胶南市 06-30 10:01 843 3759
[20385] -1
[20394] 224400
[20398] 1
IHEARDthatyouask 新疆吐鲁番市 08-03 05:55 -> 四川省彭州市 08-03 23:13 745 42852
[20403] 50347990
[20410] 23702600
[20413] 7
[success] LeavesofGrass 浙江省平湖市 07-21 08:59 -> 河南省灵宝市 07-21 23:39 2695 18682
[success] LeavesofGrass 湖南省衡阳市 08-02 16:20 -> 河南省灵宝市 08-02 23:39 1648 67
[success] LeavesofGrass 新疆塔城市 07-18 07:38 -> 陕西省安康市 07-18 17:15 1826 3972
[pending] LeavesofGrass 河北省河间市 07-10 18:11 -> 广东省花都市 07-11 01:39 1249 21311
[success] INSCRIPTIONS 北京市 06-21 06:46 -> 湖北省枣阳市 06-21 11:59 688 7740
[success] LeavesofGrass 广东省四会市 07-27 15:39 -> 河北省河间市 07-27 18:01 753 12111
[pending] LeavesofGrass 河北省河间市 07-11 18:11 -> 浙江省慈溪市 07-12 09:48 2146 13129
[20423] 1
ThereforeIsendyou 新疆喀什市 07-07 02:53 -> 浙江省舟山市 07-07 10:35 412 3759
[20430] queue
[20436] 12284622
[20439] 11
[pending] LeavesofGrass 河北省河间市 07-09 18:11 -> 新疆博乐市 07-10 06:04 1674 22349
[pending] INSCRIPTIONS 北京市 08-22 06:46 -> 湖北省枣阳市 08-22 11:59 688 10582
[success] LeavesofGrass 浙江省平湖市 07-12 08:59 -> 浙江省杭州市 07-12 11:46 400 12220
[success] INSCRIPTIONS 广东省高要市 08-05 21:40 -> 广东省惠阳市 08-06 01:32 153 5563
[success] INSCRIPTIONS 湖北省枣阳市 06-19 12:03 -> 新疆米泉市 06-19 14:38 162 17014
[success] IHEARDthatyouask 新疆吐鲁番市 08-04 05:55 -> 广东省云浮市 08-04 18:52 725 14320
[success] LeavesofGrass 浙江省杭州市 07-01 11:52 -> 陕西省安康市 07-01 17:15 1135 14384
[success] LeavesofGrass 新疆塔城市 08-01 07:38 -> 广东省花都市 08-02 01:39 3100 2877
[success] LeavesofGrass 浙江省杭州市 07-15 11:52 -> 广东省花都市 07-16 01:39 2409 2196
[success] LeavesofGrass 广东省四会市 07-16 15:39 -> 新疆伊宁市 07-17 08:52 2829 14699
[success] LeavesofGrass 宁夏石嘴山市 07-04 19:25 -> 黑龙江省海林市 07-04 22:46 414 17697
[20444] 1
TOFOREIGNLANDS 湖北省洪湖市 06-13 11:29 -> 甘肃省敦煌市 06-13 20:48 1154 92870
[20450] 1
TOTHEEOLDCAUSE 湖北省麻城市 07-23 20:21 -> 安徽省桐城市 07-24 11:13 1291 33971
[20460] -1
[20466] 1
whatyouwanted 山东省莱州市 07-17 10:08 -> 吉林省双辽市 07-17 14:29 405 30519
[20476] ProjeKTRed 红红 everywhere@a.complicated 1
[20478] -1
[20479] 16
[success] LeavesofGrass 陕西省安康市 07-22 17:25 -> 河南省灵宝市 07-22 23:39 1160 2163
[success] LeavesofGrass 湖南省衡阳市 07-30 16:20 -> 福建省建阳市 07-30 21:14 1134 5696
[success] INSCRIPTIONS 广东省高要市 06-25 21:40 -> 湖北省枣阳市 06-26 11:59 1252 68
[success] INSCRIPTIONS 广东省高要市 06-14 21:40 -> 北京市 06-15 06:40 564 2901
[pending] LeavesofGrass 辽宁省抚顺市 07-05 14:24 -> 新疆博乐市 07-06 06:04 2432 16673
[success] INSCRIPTIONS 黑龙江省五大连池市 07-26 19:22 -> 江苏省扬州市 07-27 08:14 1056 1849
[success] LeavesofGrass 黑龙江省海林市 07-06 22:56 -> 新疆博乐市 07-07 06:04 1039 3997
[success] INSCRIPTIONS 北京市 08-11 06:46 -> 新疆米泉市 08-11 14:38 850 2599
[success] LeavesofGrass 广东省四会市 07-12 15:39 -> 河北省河间市 07-12 18:01 753 14800
[success] LeavesofGrass 新疆塔城市 08-04 07:38 -> 河北省河间市 08-04 18:01 1851 345
[success] INSCRIPTIONS 广东省高要市 06-27 21:40 -> 北京市 06-28 06:40 564 17243
[success] INSCRIPTIONS 广东省惠阳市 07-18 01:41 -> 江苏省扬州市 07-18 08:14 611 12368
[success] LeavesofGrass 河北省河间市 07-02 18:11 -> 浙江省慈溪市 07-03 09:48 2146 351
[success] LeavesofGrass 广东省四会市 07-18 15:39 -> 陕西省安康市 07-18 17:15 728 23660
[success] LeavesofGrass 广东省四会市 07-09 15:39 -> 湖南省衡阳市 07-09 16:17 240 21015
[success] LeavesofGrass 湖南省衡阳市 07-02 16:20 -> 河南省偃师市 07-03 03:28 1994 4407
[20485] Nightingale 夜莺 of.that.class@An.oppressed 1
[20488] 8885615
[20492] -1
[20501] queue
[20510] -1
[20516] 1
IHEARDthatyouask 天津市 07-15 06:35 -> 四川省彭州市 07-15 23:13 249 80293
[20521] Nightingale 夜莺 of.that.class@An.oppressed 1
[20528] 1
LeavesofGrass 河北省河间市 07-31 18:11 -> 浙江省慈溪市 08-01 09:48 2146 3758
[20533] 1
ThereforeIsendyou 新疆喀什市 07-02 02:53 -> 安徽省宁国市 07-02 19:16 977 3759
[20537] 15
[pending] LeavesofGrass 浙江省杭州市 08-01 11:52 -> 黑龙江省海林市 08-01 22:46 1795 13201
[success] LeavesofGrass 广东省花都市 08-02 01:43 -> 新疆伊宁市 08-02 08:52 827 7253
[success] INSCRIPTIONS 云南省安宁市 07-01 20:50 -> 广东省惠阳市 07-02 01:32 289 15370
[success] LeavesofGrass 浙江省平湖市 08-01 08:59 -> 湖南省衡阳市 08-01 16:17 1047 2451
[pending] LeavesofGrass 浙江省平湖市 07-04 08:59 -> 河南省偃师市 07-05 03:28 3041 16680
[success] INSCRIPTIONS 广东省高要市 07-09 21:40 -> 新疆米泉市 07-10 14:38 1414 7623
[success] puzzletheNewWorld 辽宁省辽阳市 07-27 13:05 -> 北京市 07-28 02:45 964 1457
[success] LeavesofGrass 新疆博乐市 07-31 06:11 -> 浙江省慈溪市 07-31 09:48 472 15986
[success] INSCRIPTIONS 黑龙江省五大连池市 08-04 19:22 -> 广东省惠阳市 08-05 01:32 445 1123
[pending] LeavesofGrass 河南省灵宝市 07-26 23:45 -> 新疆伊宁市 07-27 08:52 941 24332
[success] LeavesofGrass 河南省灵宝市 06-30 23:45 -> 浙江省慈溪市 07-01 09:48 1011 7239
[success] INSCRIPTIONS 云南省安宁市 08-15 20:50 -> 新疆米泉市 08-16 14:38 1550 11880
[success] IHEARDthatyouask 广东省云浮市 07-10 19:00 -> 四川省彭州市 07-10 23:13 20 12581
[success] LeavesofGrass 浙江省平湖市 07-31 08:59 -> 新疆博乐市 08-01 06:04 3234 4582
[success] LeavesofGrass 福建省建阳市 07-12 21:19 -> 新疆伊宁市 07-13 08:52 1455 22986
[20542] WaaiFu 槐琥 French.Radicals@and.German 2
[20547] Matoimaru 缠丸 nobility.and@in.fact 1
[20557] Greyy 格雷伊 bourgeoisie@developed.increase 4
[20565] -1
[20568] queue
[20571] -1
[20572] 0
[20574] 1
INSCRIPTIONS 贵州省清镇市 07-11 16:24 -> 黑龙江省五大连池市 07-11 19:12 173 50897
[20577] 2868585
[20584] 1
TOFOREIGNLANDS 河北省张家口市 06-22 22:51 -> 湖南省常宁市 06-23 02:11 439 92870
[20588] 0
[20594] -1
[20597] -1
[20602] 1
ThereforeIsendyou 山东省胶南市 07-02 10:07 -> 安徽省宁国市 07-02 19:16 632 3759
[20604] 1
TOTHEEOLDCAUSE 新疆奎屯市 07-07 11:20 -> 宁夏银川市 07-08 14:45 2067 33971
[20608] -1
[20614] 1
whatyouwanted 山东省乳山市 07-25 04:53 -> 广东省揭阳市 07-25 06:33 468 30519
[20624] 1
IHEARDthatyouask 天津市 07-29 06:35 -> 广东省云浮市 07-29 18:52 229 76107
[20629] 1
INSCRIPTIONS 北京市 06-17 06:46 -> 湖北省枣阳市 06-17 11:59 688 52035
[20638] Shaw 阿消 new.conditions@of.oppression 1
[20647] 1
puzzletheNewWorld 辽宁省辽阳市 08-08 13:05 -> 湖南省岳阳市 08-08 16:56 379 47885
[20651] Courier 讯使 publish.their@views.their 1
[20657] Cutter 刻刀 France.afterwards@in.the 1
[20665] 0
[20673] -1
[20681] queue
[20687] 1
puzzletheNewWorld 湖南省岳阳市 06-27 17:01 -> 河南省登封市 06-28 09:52 1040 47885
[20694] 1
AndtodefineAmeric 天津市 07-14 08:57 -> 辽宁省朝阳市 07-14 18:41 2121 80198
[20697] 0
[20698] 0
[20707] FEater 食铁兽 an.uninterrupted@now.hidden 1
[20711] 1
IHEARDthatyouask 天津市 07-24 06:35 -> 四川省彭州市 07-24 23:13 249 73290
[20718] Nightingale 夜莺 of.that.class@An.oppressed 1
[20726] 16255551
[20735] 678300
[20745] 1
TOTHEEOLDCAUSE 山东省聊城市 07-11 13:46 -> 安徽省桐城市 07-12 11:13 1900 33971
[20748] 1
AndtodefineAmeric 广东省高明市 08-05 13:35 -> 湖北省孝感市 08-06 09:22 1833 80198
[20750] 1
TOtheeoldcause 北京市 08-26 05:54 -> 湖北省宜昌市 08-26 10:47 424 90891
[20758] Gravel 砾砾 that.each.time@ended.either 1
[20760] 1
ThereforeIsendyou 天津市 07-28 17:39 -> 山东省胶南市 07-29 10:01 1074 3759
[20763] 1
TOTHEEOLDCAUSE 湖北省麻城市 07-21 20:21 -> 吉林省长春市 07-22 04:46 514 33971
[20770] 475600
[20776] 12770380
[20783] 2937520
[20788] -1
[20795] 5
[success] whatyouwanted 北京市 08-03 02:12 -> 新疆阿克苏市 08-03 15:55 2012 7187
[pending] LeavesofGrass 宁夏石嘴山市 07-02 19:25 -> 新疆伊宁市 07-03 08:52 1855 12725
[success] LeavesofGrass 河南省灵宝市 07-01 23:45 -> 广东省花都市 07-02 01:39 114 7303
[success] LeavesofGrass 河南省灵宝市 07-23 23:45 -> 广东省花都市 07-24 01:39 114 5025
[success] LeavesofGrass 福建省建阳市 07-05 21:19 -> 河南省灵宝市 07-05 23:39 514 21248
[20797] Catapult 空爆 two.great.hostile@camps.into 1
[20802] 1
TOTHEEOLDCAUSE 新疆库尔勒市 07-02 16:36 -> 湖北省麻城市 07-02 20:14 139 33971
[20806] 1
IHEARDthatyouask 新疆吐鲁番市 08-02 05:55 -> 天津市 08-02 06:30 496 87042
[20812] 1
ThereforeIsendyou 浙江省舟山市 07-15 10:45 -> 河南省驻马店市 07-15 13:30 377 3759
[20821] 1
LeavesofGrass 新疆塔城市 06-28 07:38 -> 宁夏石嘴山市 06-28 19:18 2072 8268
[20827] 900912
[20830] Leizi 惊蛰 this.spectre@Pope.and 1
[20831] 2
TOtheeoldcause 天津市 08-28 17:57 -> 北京市 08-29 05:48 393 90891
AndtodefineAmeric 天津市 08-28 08:57 -> 北京市 08-28 22:38 2583 80198
[20838] Nightingale 夜莺 of.that.class@An.oppressed 1
[20841] 1
puzzletheNewWorld 黑龙江省尚志市 06-23 20:11 -> 河南省登封市 06-24 09:52 614 36432
[20848] 3301493
[20856] 1
INSCRIPTIONS 贵州省清镇市 06-14 16:24 -> 黑龙江省五大连池市 06-14 19:12 173 54547
[20860] 1
puzzletheNewWorld 湖南省岳阳市 08-17 17:01 -> 黑龙江省尚志市 08-17 20:04 426 42922
[20867] 1
whatyouwanted 山东省乳山市 07-09 04:53 -> 河南省洛阳市 07-09 12:55 1499 30519
[20876] -1
[20885] 1
TOTHEEOLDCAUSE 新疆奎屯市 06-26 11:20 -> 山东省聊城市 06-26 13:37 134 33971
[20889] 8784307
[20898] Cliffheart 崖心 in.London.and@sketched.the 1
[20901] 529125
[20911] 0
[20918] -1
[20927] Nightmare 夜魔 policespies@Where.is 3
[20936] -1
[20946] queue
[20950] 1
ThereforeIsendyou 山东省胶南市 07-06 10:07 -> 河南省驻马店市 07-06 13:30 444 3759
[20951] 2
TOtheeoldcause 天津市 07-24 17:57 -> 北京市 07-25 05:48 393 90891
AndtodefineAmeric 天津市 07-24 08:57 -> 北京市 07-24 22:38 2583 62721
[20955] 1
LeavesofGrass 新疆塔城市 08-03 07:38 -> 新疆博乐市 08-04 06:04 3525 29879
[20962] 1
INSCRIPTIONS 北京市 06-30 06:46 -> 新疆米泉市 06-30 14:38 850 67112
[20966] Hellagur 赫拉格 The.manufacturing@system.took 1
[20971] Catapult 空爆 two.great.hostile@camps.into 1
[20974] 1
AndtodefineAmeric 湖北省孝感市 07-16 09:27 -> 湖南省吉首市 07-16 11:01 451 80198
[20975] 1
whatyouwanted 辽宁省盖州市 07-07 20:30 -> 安徽省阜阳市 07-08 08:17 1846 30519
[20978] 20637104
[20982] 8
[success] IHEARDthatyouask 天津市 07-12 06:35 -> 四川省彭州市 07-12 23:13 249 2125
[success] INSCRIPTIONS 云南省安宁市 08-15 20:50 -> 新疆米泉市 08-16 14:38 1550 15292
[pending] LeavesofGrass 河北省河间市 07-28 18:11 -> 广东省花都市 07-29 01:39 1249 19458
[success] LeavesofGrass 浙江省平湖市 07-05 08:59 -> 新疆博乐市 07-06 06:04 3234 1985
[success] LeavesofGrass 浙江省平湖市 07-26 08:59 -> 广东省四会市 07-26 15:34 807 3754
[success] IHEARDthatyouask 新疆吐鲁番市 07-31 05:55 -> 天津市 07-31 06:30 496 16080
[success] LeavesofGrass 浙江省平湖市 07-14 08:59 -> 陕西省安康市 07-14 17:15 1535 22086
[success] LeavesofGrass 福建省建阳市 07-19 21:19 -> 新疆博乐市 07-20 06:04 1053 2478
[20991] 1
TOFOREIGNLANDS 北京市 07-03 02:59 -> 江苏省淮安市 07-03 19:12 1537 92870
[20995] 1
INSCRIPTIONS 贵州省清镇市 07-09 16:24 -> 北京市 07-10 06:40 1029 17824
[21002] 1
INSCRIPTIONS 广东省惠阳市 07-15 01:41 -> 北京市 07-15 06:40 411 70655
[21010] 1
IHEARDthatyouask 广东省云浮市 07-08 19:00 -> 四川省彭州市 07-08 23:13 20 62955
[21017] Platinum 白金 handed.down@from.the 2
[21025] 1
TOFOREIGNLANDS 海南省通什市 07-07 13:26 -> 浙江省乐清市 07-07 16:23 248 92870
[21026] -1
[21032] -1
[21036] 1
AndtodefineAmeric 山西省榆次市 06-17 16:15 -> 河南省周口市 06-18 06:51 1082 80198
[21040] 1515033
[21047] 20795040
[21049] Cuora 蛇屠 there.taxable@third.estate 1
[21057] 1867885
[21064] 1
puzzletheNewWorld 黑龙江省尚志市 07-23 20:11 -> 四川省绵竹市 07-24 14:44 913 47885
[21074] 4563000
[21079] Swire 诗怀 the.place.of@the.industrial 1
[21084] -1
[21093] 1
LeavesofGrass 宁夏石嘴山市 07-19 19:25 -> 河南省偃师市 07-20 03:28 1260 28475
[21102] 15
[success] INSCRIPTIONS 江苏省扬州市 07-07 08:17 -> 新疆米泉市 07-07 14:38 650 7020
[success] INSCRIPTIONS 黑龙江省五大连池市 08-20 19:22 -> 湖北省枣阳市 08-21 11:59 1544 13366
[success] whatyouwanted 安徽省阜阳市 07-16 08:24 -> 湖北省松滋市 07-16 21:35 2499 4736
[success] LeavesofGrass 浙江省杭州市 07-16 11:52 -> 河南省灵宝市 07-16 23:39 2295 7431
[success] TOFOREIGNLANDS 浙江省临安市 06-24 21:04 -> 河北省张家口市 06-24 22:48 412 15426
[success] INSCRIPTIONS 云南省安宁市 07-17 20:50 -> 广东省高要市 07-17 21:36 136 3332
[success] INSCRIPTIONS 云南省安宁市 06-30 20:50 -> 广东省惠阳市 07-01 01:32 289 5304
[pending] LeavesofGrass 浙江省杭州市 07-10 11:52 -> 广东省花都市 07-11 01:39 2409 8959
[success] AndtodefineAmeric 山东省胶州市 07-01 12:18 -> 江西省南康市 07-02 05:58 1984 5581
[pending] LeavesofGrass 浙江省平湖市 07-25 08:59 -> 陕西省安康市 07-25 17:15 1535 6601
[success] INSCRIPTIONS 黑龙江省五大连池市 07-16 19:22 -> 云南省安宁市 07-16 20:42 156 12411
[success] INSCRIPTIONS 黑龙江省五大连池市 06-20 19:22 -> 湖北省枣阳市 06-21 11:59 1544 4811
[success] LeavesofGrass 广东省四会市 07-12 15:39 -> 陕西省安康市 07-12 17:15 728 21737
[success] LeavesofGrass 湖南省衡阳市 07-13 16:20 -> 陕西省安康市 07-13 17:15 488 19551
[success] LeavesofGrass 湖南省衡阳市 07-29 16:20 -> 河南省偃师市 07-30 03:28 1994 10233
[21111] -1
[21113] 10011140
[21116] 22
[pending] LeavesofGrass 浙江省杭州市 07-30 11:52 -> 新疆伊宁市 07-31 08:52 3236 14305
[success] puzzletheNewWorld 湖南省岳阳市 07-20 17:01 -> 河南省登封市 07-21 09:52 1040 7932
[success] LeavesofGrass 河南省灵宝市 07-17 23:45 -> 广东省花都市 07-18 01:39 114 16371
[success] IHEARDthatyouask 新疆吐鲁番市 08-06 05:55 -> 四川省彭州市 08-06 23:13 745 6903
[success] INSCRIPTIONS 广东省高要市 06-16 21:40 -> 江苏省扬州市 06-17 08:14 764 17067
[success] IHEARDthatyouask 新疆吐鲁番市 07-23 05:55 -> 广东省云浮市 07-23 18:52 725 21206
[success] LeavesofGrass 湖南省衡阳市 07-20 16:20 -> 黑龙江省海林市 07-20 22:46 1148 17660
[success] INSCRIPTIONS 黑龙江省五大连池市 06-30 19:22 -> 云南省安宁市 06-30 20:42 156 13725
[success] puzzletheNewWorld 黑龙江省尚志市 06-22 20:11 -> 四川省绵竹市 06-23 14:44 913 10727
[success] INSCRIPTIONS 广东省惠阳市 08-12 01:41 -> 湖北省枣阳市 08-12 11:59 1099 7
[success] LeavesofGrass 广东省四会市 07-12 15:39 -> 陕西省安康市 07-12 17:15 728 14694
[success] INSCRIPTIONS 北京市 06-28 06:46 -> 新疆米泉市 06-28 14:38 850 4993
[success] INSCRIPTIONS 广东省高要市 06-23 21:40 -> 广东省惠阳市 06-24 01:32 153 11751
[success] LeavesofGrass 福建省建阳市 08-02 21:19 -> 黑龙江省海林市 08-02 22:46 14 11306
[pending] LeavesofGrass 浙江省杭州市 07-07 11:52 -> 广东省花都市 07-08 01:39 2409 15419
[success] LeavesofGrass 浙江省杭州市 07-20 11:52 -> 广东省花都市 07-21 01:39 2409 22689
[success] INSCRIPTIONS 广东省高要市 08-08 21:40 -> 新疆米泉市 08-09 14:38 1414 14797
[success] INSCRIPTIONS 云南省安宁市 06-19 20:50 -> 北京市 06-20 06:40 700 42
[success] INSCRIPTIONS 贵州省清镇市 08-06 16:24 -> 北京市 08-07 06:40 1029 17460
[success] LeavesofGrass 浙江省杭州市 07-05 11:52 -> 宁夏石嘴山市 07-05 19:18 1381 18329
[success] LeavesofGrass 河北省河间市 07-10 18:11 -> 河南省偃师市 07-11 03:28 1481 11152
[success] LeavesofGrass 浙江省平湖市 07-17 08:59 -> 河北省河间市 07-17 18:01 1560 22056
[21118] queue
[21128] 1
AndtodefineAmeric 江西省南康市 06-17 06:07 -> 湖南省吉首市 06-17 11:01 774 80198
[21134] 14454446
[21141] 1
TOtheeoldcause 北京市 08-15 05:54 -> 湖北省宜昌市 08-15 10:47 424 90891
[21149] 12417974
[21151] 1
AndtodefineAmeric 辽宁省朝阳市 07-09 18:50 -> 江西省南康市 07-10 05:58 730 80198
[21157] 0
[21165] 17
[pending] LeavesofGrass 浙江省平湖市 07-16 08:59 -> 河南省偃师市 07-17 03:28 3041 13100
[pending] LeavesofGrass 湖南省衡阳市 07-25 16:20 -> 浙江省慈溪市 07-26 09:48 2659 16438
[pending] LeavesofGrass 浙江省平湖市 07-02 08:59 -> 浙江省慈溪市 07-03 09:48 3706 22938
[pending] LeavesofGrass 河南省灵宝市 06-28 23:45 -> 河南省偃师市 06-29 03:28 346 15759
[success] IHEARDthatyouask 天津市 07-22 06:35 -> 四川省彭州市 07-22 23:13 249 22684
[success] IHEARDthatyouask 新疆吐鲁番市 07-10 05:55 -> 广东省云浮市 07-10 18:52 725 1192
[pending] LeavesofGrass 新疆塔城市 07-04 07:38 -> 陕西省安康市 07-04 17:15 1826 15136
[success] AndtodefineAmeric 山东省高密市 07-06 13:02 -> 湖北省孝感市 07-07 09:22 2041 11326
[success] LeavesofGrass 浙江省平湖市 07-15 08:59 -> 河南省偃师市 07-16 03:28 3041 1685
[success] puzzletheNewWorld 湖南省岳阳市 06-16 17:01 -> 河南省登封市 06-17 09:52 1040 1206
[success] INSCRIPTIONS 广东省惠阳市 07-27 01:41 -> 湖北省枣阳市 07-27 11:59 1099 12462
[success] LeavesofGrass 辽宁省抚顺市 07-19 14:24 -> 广东省四会市 07-19 15:34 5 6788
[success] LeavesofGrass 浙江省杭州市 07-09 11:52 -> 新疆伊宁市 07-10 08:52 3236 10124
[success] INSCRIPTIONS 广东省惠阳市 08-19 01:41 -> 新疆米泉市 08-19 14:38 1261 1644
[success] IHEARDthatyouask 天津市 07-16 06:35 -> 四川省彭州市 07-16 23:13 249 1577
[success] IHEARDthatyouask 广东省云浮市 07-09 19:00 -> 四川省彭州市 07-09 23:13 20 15100
[success] INSCRIPTIONS 贵州省清镇市 08-15 16:24 -> 黑龙江省五大连池市 08-15 19:12 173 7453
[21170] 1
TOFOREIGNLANDS 江西省鹰潭市 07-17 08:47 -> 重庆市江津市 07-18 00:04 2128 92870
[21175] WaaiFu 槐琥 French.Radicals@and.German 2
[21182] 11
[success] INSCRIPTIONS 云南省安宁市 08-21 20:50 -> 江苏省扬州市 08-22 08:14 900 3705
[success] LeavesofGrass 陕西省安康市 07-18 17:25 -> 新疆伊宁市 07-19 08:52 2101 17020
[success] LeavesofGrass 新疆塔城市 08-02 07:38 -> 宁夏石嘴山市 08-02 19:18 2072 1646
[success] IHEARDthatyouask 新疆吐鲁番市